\BOOKMARK [1][-]{section.1}{\376\377\173\054\116\000\220\350\122\006\377\032\145\207\163\056\226\005\213\373}{}% 1
\BOOKMARK [2][-]{subsection.1.1}{\376\377\226\005\213\373\117\123\232\214}{section.1}% 2
\BOOKMARK [2][-]{subsection.1.2}{\376\377\230\230\0001\377\032\000M\000i\000n\000d\000M\000e\000l\000o\000d\000y\142\200\147\057\147\266\147\204\116\016\145\071\217\333}{section.1}% 3
\BOOKMARK [3][-]{subsubsection.1.2.1}{\376\377\000M\000i\000n\000d\000M\000e\000l\000o\000d\000y\142\200\147\057\147\266\147\204\131\015\217\360\126\376}{subsection.1.2}% 4
\BOOKMARK [3][-]{subsubsection.1.2.2}{\376\377\000M\000i\000n\000d\000M\000e\000l\000o\000d\000y\145\071\217\333\123\330\221\317}{subsection.1.2}% 5
\BOOKMARK [2][-]{subsection.1.3}{\376\377\230\230\0002\377\032\000E\000m\000o\000t\000i\000o\000n\000B\000o\000x\116\016\000M\000i\000n\000d\000M\000e\000l\000o\000d\000y\166\204\133\371\153\324\116\016\166\204\136\163\210\141}{section.1}% 6
\BOOKMARK [3][-]{subsubsection.1.3.1}{\376\377\152\041\127\213\133\371\153\324}{subsection.1.3}% 7
\BOOKMARK [3][-]{subsubsection.1.3.2}{\376\377\152\041\127\213\136\163\210\141}{subsection.1.3}% 8
\BOOKMARK [2][-]{subsection.1.4}{\376\377\230\230\0003\377\032\227\363\116\120\165\227\141\010\166\204\164\006\213\272\127\372\170\100}{section.1}% 9
\BOOKMARK [3][-]{subsubsection.1.4.1}{\376\377\137\303\164\006\130\360\133\146\116\016\227\363\116\120\165\227\141\010}{subsection.1.4}% 10
\BOOKMARK [3][-]{subsubsection.1.4.2}{\376\377\171\136\176\317\171\321\133\146\116\016\227\363\116\120\165\227\141\010}{subsection.1.4}% 11
\BOOKMARK [3][-]{subsubsection.1.4.3}{\376\377\127\372\170\100\137\303\164\006\133\146\116\055\166\204\140\305\176\352\136\372\152\041}{subsection.1.4}% 12
\BOOKMARK [1][-]{section.2}{\376\377\173\054\116\214\220\350\122\006\377\032\165\227\141\010\227\363\230\221\165\037\142\020\117\123\232\214\116\016\127\072\146\157\123\026\116\247\124\301\143\320\150\110}{}% 13
\BOOKMARK [2][-]{subsection.2.1}{\376\377\230\230\0001\377\032\000A\000I\227\363\116\120\135\345\121\167\166\204\165\227\141\010\227\363\230\221\165\037\142\020\117\123\232\214}{section.2}% 14
\BOOKMARK [3][-]{subsubsection.2.1.1}{\376\377\116\023\154\350\127\072\146\157\166\204\227\000\154\102\142\306\211\343}{subsection.2.1}% 15
\BOOKMARK [3][-]{subsubsection.2.1.2}{\376\377\000L\000L\000M\133\371\213\335\116\016\000p\000r\000o\000m\000p\000t\214\003\145\164\220\073\217\221}{subsection.2.1}% 16
\BOOKMARK [3][-]{subsubsection.2.1.3}{\376\377\147\000\176\310\165\037\142\020\000p\000r\000o\000m\000p\000t\150\067\117\213}{subsection.2.1}% 17
\BOOKMARK [3][-]{subsubsection.2.1.4}{\376\377\000A\000I\227\363\116\120\165\037\142\020\135\345\121\167\144\315\117\134\213\260\137\125}{subsection.2.1}% 18
\BOOKMARK [3][-]{subsubsection.2.1.5}{\376\377\165\037\142\020\150\067\117\213\122\006\147\220}{subsection.2.1}% 19
\BOOKMARK [2][-]{subsection.2.2}{\376\377\230\230\0002\377\032\127\072\146\157\123\026\116\247\124\301\143\320\150\110}{section.2}% 20
\BOOKMARK [3][-]{subsubsection.2.2.1}{\376\377\116\247\124\301\133\232\117\115\116\016\213\276\213\241\124\362\133\146}{subsection.2.2}% 21
\BOOKMARK [3][-]{subsubsection.2.2.2}{\376\377\174\373\176\337\147\266\147\204\116\016\145\271\154\325\213\272}{subsection.2.2}% 22
\BOOKMARK [3][-]{subsubsection.2.2.3}{\376\377\227\363\230\221\124\016\172\357\116\016\000\040\000G\000o\000d\000o\000t\000\040\000A\000P\000I\000\040\226\306\142\020}{subsection.2.2}% 23
\BOOKMARK [3][-]{subsubsection.2.2.4}{\376\377\226\220\171\301\116\016\147\054\127\060\220\350\177\162}{subsection.2.2}% 24
\BOOKMARK [3][-]{subsubsection.2.2.5}{\376\377\165\050\142\067\165\114\227\142\116\016\116\244\116\222}{subsection.2.2}% 25
\BOOKMARK [3][-]{subsubsection.2.2.6}{\376\377\147\011\145\110\140\047\122\006\147\220}{subsection.2.2}% 26
\BOOKMARK [3][-]{subsubsection.2.2.7}{\376\377\140\073\176\323}{subsection.2.2}% 27
\BOOKMARK [1][-]{appendix.A}{\376\377\000C\000h\000a\000t\000G\000P\000T\133\214\145\164\133\371\213\335\213\260\137\125}{}% 28
